#
# A fatal error has been detected by the Java Runtime Environment:
#
#  EXCEPTION_ACCESS_VIOLATION (0xc0000005) at pc=0x00007ff9cb9e282b, pid=38596, tid=29692
#
# JRE version: Java(TM) SE Runtime Environment (16.0.2+7) (build 16.0.2+7-67)
# Java VM: Java HotSpot(TM) 64-Bit Server VM (16.0.2+7-67, mixed mode, tiered, compressed oops, compressed class ptrs, g1 gc, windows-amd64)
# Problematic frame:
# C  [Controller.dll+0x282b]
#
# No core dump will be written. Minidumps are not enabled by default on client versions of Windows
#
# If you would like to submit a bug report, please visit:
#   https://bugreport.java.com/bugreport/crash.jsp
# The crash happened outside the Java Virtual Machine in native code.
# See problematic frame for where to report the bug.
#

---------------  S U M M A R Y ------------

Command Line: -Djava.library.path=C:\Users\lenovo\Documents\GitHub\polytechWebotsController-main-fu\fr.univcotedazur.kairos.webots.polycreate.controler\webotsLibs;C:\Users\lenovo\Documents\GitHub\polytechWebotsController-main-fu\fr.univcotedazur.kairos.webots.polycreate.controler\webotsLibs -Dfile.encoding=UTF-8 -XX:+ShowCodeDetailsInExceptionMessages fr.univcotedazur.kairos.webots.polycreate.controler.PolyCreateControler

Host: Intel(R) Core(TM) i7-10710U CPU @ 1.10GHz, 12 cores, 15G,  Windows 10 , 64 bit Build 19041 (10.0.19041.1348)
Time: Mon Jan  3 21:51:05 2022  Windows 10 , 64 bit Build 19041 (10.0.19041.1348) elapsed time: 95.263355 seconds (0d 0h 1m 35s)

---------------  T H R E A D  ---------------

Current thread (0x00000219fc02b0d0):  JavaThread "main" [_thread_in_native, id=29692, stack(0x000000b3a7300000,0x000000b3a7400000)]

Stack: [0x000000b3a7300000,0x000000b3a7400000],  sp=0x000000b3a73ff360,  free space=1020k
Native frames: (J=compiled Java code, j=interpreted, Vv=VM code, C=native code)
C  [Controller.dll+0x282b]

Java frames: (J=compiled Java code, j=interpreted, Vv=VM code)
j  com.cyberbotics.webots.controller.wrapperJNI.Node_getOrientation(JLcom/cyberbotics/webots/controller/Node;)[D+0
j  com.cyberbotics.webots.controller.Node.getOrientation()[D+5
j  fr.univcotedazur.kairos.webots.polycreate.controler.PolyCreateControler.isBump()V+60
j  fr.univcotedazur.kairos.webots.polycreate.controler.PolyCreateControler.main([Ljava/lang/String;)V+9
v  ~StubRoutines::call_stub

siginfo: EXCEPTION_ACCESS_VIOLATION (0xc0000005), reading address 0x000000000000003a


Register to memory mapping:

RIP=0x00007ff9cb9e282b Controller.dll
RAX=0x0000000000000005 is an unknown value
RBX=0x0 is NULL
RCX=0x00000219fc17c820 points into unknown readable memory: 0x0000021900000024 | 24 00 00 00 19 02 00 00
RDX=0x000002199dc18380 points into unknown readable memory: 0x000004000000003e | 3e 00 00 00 00 04 00 00
RSP=0x000000b3a73ff360 is pointing into the stack for thread: 0x00000219fc02b0d0
RBP=0x00007ff9cba5f360 Controller.dll
RSI=0x00000219fc17e7b0 points into unknown readable memory: 0x0000002000000000 | 00 00 00 00 20 00 00 00
RDI=0x0 is NULL
R8 =1024 is a compressed pointer to class: 0x0000000800000400
fr.univcotedazur.kairos.webots.polycreate.controler.PolyCreateControler$1 {0x0000000800000408}
R9 =0x000000000000003e is an unknown value
R10=0x000000000000003a is an unknown value
R11=0x8000000000003fff is an unknown value
R12=0x000002199dc18380 points into unknown readable memory: 0x000004000000003e | 3e 00 00 00 00 04 00 00
R13=0x0000000000000005 is an unknown value
R14=0x0000000000000038 is an unknown value
R15=0x0000000000000003 is an unknown value


Registers:
RAX=0x0000000000000005, RBX=0x0000000000000000, RCX=0x00000219fc17c820, RDX=0x000002199dc18380
RSP=0x000000b3a73ff360, RBP=0x00007ff9cba5f360, RSI=0x00000219fc17e7b0, RDI=0x0000000000000000
R8 =0x0000000000000400, R9 =0x000000000000003e, R10=0x000000000000003a, R11=0x8000000000003fff
R12=0x000002199dc18380, R13=0x0000000000000005, R14=0x0000000000000038, R15=0x0000000000000003
RIP=0x00007ff9cb9e282b, EFLAGS=0x0000000000010206

Top of Stack: (sp=0x000000b3a73ff360)
0x000000b3a73ff360:   0000000000000000 00007ff9cba2221d
0x000000b3a73ff370:   000000000000000e 0000000000000000
0x000000b3a73ff380:   000000000000003e 0000000000000005
0x000000b3a73ff390:   000002199dc18380 00007ff9cba22fc5
0x000000b3a73ff3a0:   000000b3a73ff410 00007ff9ed8a1a5e
0x000000b3a73ff3b0:   000000b3a73ff4b0 000000b3a73ff3f0
0x000000b3a73ff3c0:   000000b3a73ff3ef 00000219fc17ea30
0x000000b3a73ff3d0:   000002199d67a270 00000219fc02b3e0
0x000000b3a73ff3e0:   000000b3a73ff4a0 0000000000000000
0x000000b3a73ff3f0:   000002199d4226f8 000000b3a73ff5c0
0x000000b3a73ff400:   00000219fc02b0d0 00007ff9cba249f6
0x000000b3a73ff410:   0000000000000000 0000000000000000
0x000000b3a73ff420:   0000000000000000 0000021983b836b4
0x000000b3a73ff430:   000000b3a73ff5c0 00000219fc17ea30
0x000000b3a73ff440:   0000000000000000 00007ff9cba2c072
0x000000b3a73ff450:   00000219fc17ea30 0000000711a0a1e8 

Instructions: (pc=0x00007ff9cb9e282b)
0x00007ff9cb9e272b:   04 00 83 0b 04 c7 43 10 32 00 00 00 e8 94 22 04
0x00007ff9cb9e273b:   00 44 0f b7 63 14 e8 2a 11 04 00 44 89 e0 48 83
0x00007ff9cb9e274b:   c4 28 5b 41 5c c3 0f 1f 80 00 00 00 00 b9 02 00
0x00007ff9cb9e275b:   00 00 45 31 e4 ff 15 ba 3a 06 00 4c 8d 05 43 4d
0x00007ff9cb9e276b:   06 00 48 8d 15 cc 4c 06 00 48 89 c1 e8 34 fc ff
0x00007ff9cb9e277b:   ff 44 89 e0 48 83 c4 28 5b 41 5c c3 90 90 90 90
0x00007ff9cb9e278b:   90 90 90 90 90 53 48 83 ec 20 48 89 cb e8 93 ed
0x00007ff9cb9e279b:   ff ff 48 8b 43 18 8b 50 04 48 8b 58 38 85 d2 75
0x00007ff9cb9e27ab:   14 8b 43 40 85 c0 74 04 c6 43 3c 01 48 83 c4 20
0x00007ff9cb9e27bb:   5b c3 0f 1f 00 c6 00 01 48 8b 40 40 48 8d 0d b2
0x00007ff9cb9e27cb:   4d 06 00 c6 40 18 01 e8 e9 f6 03 00 84 c0 74 04
0x00007ff9cb9e27db:   c6 43 3a 01 48 8d 0d ad 4d 06 00 e8 d5 f6 03 00
0x00007ff9cb9e27eb:   84 c0 74 04 c6 43 38 01 48 8d 0d b1 4d 06 00 e8
0x00007ff9cb9e27fb:   c1 f6 03 00 84 c0 74 a9 c6 43 39 01 eb a3 0f 1f
0x00007ff9cb9e280b:   80 00 00 00 00 41 54 56 53 48 83 ec 20 48 89 cb
0x00007ff9cb9e281b:   49 89 d4 e8 6d ec ff ff 48 8b 73 18 48 8b 5e 38
0x00007ff9cb9e282b:   80 7b 3a 00 75 2f 80 7b 38 00 75 4d 80 7b 39 00
0x00007ff9cb9e283b:   75 6b 80 7b 3c 00 0f 85 89 00 00 00 80 7b 52 00
0x00007ff9cb9e284b:   0f 85 a6 00 00 00 48 83 c4 20 5b 5e 41 5c c3 66
0x00007ff9cb9e285b:   0f 1f 44 00 00 ba 04 00 00 00 4c 89 e1 e8 93 fa
0x00007ff9cb9e286b:   03 00 f2 0f 10 4e 28 4c 89 e1 e8 46 fd 03 00 80
0x00007ff9cb9e287b:   7b 38 00 c6 43 3a 00 74 b3 ba 06 00 00 00 4c 89
0x00007ff9cb9e288b:   e1 e8 6f fa 03 00 f2 0f 10 4b 10 4c 89 e1 e8 22
0x00007ff9cb9e289b:   fd 03 00 80 7b 39 00 c6 43 38 00 74 95 ba 05 00
0x00007ff9cb9e28ab:   00 00 4c 89 e1 e8 4b fa 03 00 f2 0f 10 4b 20 4c
0x00007ff9cb9e28bb:   89 e1 e8 fe fc 03 00 80 7b 3c 00 c6 43 39 00 0f
0x00007ff9cb9e28cb:   84 77 ff ff ff ba 09 00 00 00 4c 89 e1 e8 23 fa
0x00007ff9cb9e28db:   03 00 0f b7 53 40 4c 89 e1 e8 e7 fa 03 00 80 7b
0x00007ff9cb9e28eb:   52 00 c6 43 3c 00 0f 84 5a ff ff ff ba 0a 00 00
0x00007ff9cb9e28fb:   00 4c 89 e1 e8 fc f9 03 00 31 d2 80 7b 51 00 4c
0x00007ff9cb9e290b:   89 e1 0f 95 c2 e8 eb f9 03 00 80 7b 51 00 74 07
0x00007ff9cb9e291b:   48 83 7b 58 00 74 0e c6 43 52 00 48 83 c4 20 5b 


Stack slot to memory mapping:
stack at sp + 0 slots: 0x0 is NULL
stack at sp + 1 slots: 0x00007ff9cba2221d Controller.dll
stack at sp + 2 slots: 0x000000000000000e is an unknown value
stack at sp + 3 slots: 0x0 is NULL
stack at sp + 4 slots: 0x000000000000003e is an unknown value
stack at sp + 5 slots: 0x0000000000000005 is an unknown value
stack at sp + 6 slots: 0x000002199dc18380 points into unknown readable memory: 0x000004000000003e | 3e 00 00 00 00 04 00 00
stack at sp + 7 slots: 0x00007ff9cba22fc5 Controller.dll


---------------  P R O C E S S  ---------------

Threads class SMR info:
_java_thread_list=0x000002199e3c2370, length=17, elements={
0x00000219fc02b0d0, 0x000002199d835010, 0x000002199d835ed0, 0x000002199d89b010,
0x000002199d89ca30, 0x000002199d85a4e0, 0x000002199d80cb10, 0x000002199d80f2c0,
0x000002199d8758a0, 0x000002199d87a300, 0x000002199ce9ffe0, 0x000002199d9cebc0,
0x00000219fbe30fe0, 0x000002199e1d8440, 0x00000219fbe36ad0, 0x000002199e2f62f0,
0x000002199e333580
}

Java Threads: ( => current thread )
=>0x00000219fc02b0d0 JavaThread "main" [_thread_in_native, id=29692, stack(0x000000b3a7300000,0x000000b3a7400000)]
  0x000002199d835010 JavaThread "Reference Handler" daemon [_thread_blocked, id=23344, stack(0x000000b3a7a00000,0x000000b3a7b00000)]
  0x000002199d835ed0 JavaThread "Finalizer" daemon [_thread_blocked, id=22792, stack(0x000000b3a7b00000,0x000000b3a7c00000)]
  0x000002199d89b010 JavaThread "Signal Dispatcher" daemon [_thread_blocked, id=16612, stack(0x000000b3a7c00000,0x000000b3a7d00000)]
  0x000002199d89ca30 JavaThread "Attach Listener" daemon [_thread_blocked, id=37768, stack(0x000000b3a7d00000,0x000000b3a7e00000)]
  0x000002199d85a4e0 JavaThread "Service Thread" daemon [_thread_blocked, id=37564, stack(0x000000b3a7e00000,0x000000b3a7f00000)]
  0x000002199d80cb10 JavaThread "Monitor Deflation Thread" daemon [_thread_blocked, id=20684, stack(0x000000b3a7f00000,0x000000b3a8000000)]
  0x000002199d80f2c0 JavaThread "C2 CompilerThread0" daemon [_thread_blocked, id=38032, stack(0x000000b3a8000000,0x000000b3a8100000)]
  0x000002199d8758a0 JavaThread "C1 CompilerThread0" daemon [_thread_blocked, id=23404, stack(0x000000b3a8100000,0x000000b3a8200000)]
  0x000002199d87a300 JavaThread "Sweeper thread" daemon [_thread_blocked, id=12240, stack(0x000000b3a8200000,0x000000b3a8300000)]
  0x000002199ce9ffe0 JavaThread "Notification Thread" daemon [_thread_blocked, id=23816, stack(0x000000b3a8300000,0x000000b3a8400000)]
  0x000002199d9cebc0 JavaThread "Common-Cleaner" daemon [_thread_blocked, id=17184, stack(0x000000b3a8500000,0x000000b3a8600000)]
  0x00000219fbe30fe0 JavaThread "Timer-0" [_thread_blocked, id=28404, stack(0x000000b3a8600000,0x000000b3a8700000)]
  0x000002199e1d8440 JavaThread "Java2D Disposer" daemon [_thread_blocked, id=36408, stack(0x000000b3a8700000,0x000000b3a8800000)]
  0x00000219fbe36ad0 JavaThread "AWT-Shutdown" [_thread_blocked, id=27816, stack(0x000000b3a8800000,0x000000b3a8900000)]
  0x000002199e2f62f0 JavaThread "AWT-EventQueue-0" [_thread_blocked, id=34080, stack(0x000000b3a8a00000,0x000000b3a8b00000)]

Other Threads:
  0x000002199cf09ef0 VMThread "VM Thread" [stack: 0x000000b3a7900000,0x000000b3a7a00000] [id=29376]
  0x000002199d9c6410 WatcherThread [stack: 0x000000b3a8400000,0x000000b3a8500000] [id=17700]
  0x00000219fc07ba00 GCTaskThread "GC Thread#0" [stack: 0x000000b3a7400000,0x000000b3a7500000] [id=38140]
  0x00000219fc08cf30 ConcurrentGCThread "G1 Main Marker" [stack: 0x000000b3a7500000,0x000000b3a7600000] [id=37812]
  0x00000219fc08d9a0 ConcurrentGCThread "G1 Conc#0" [stack: 0x000000b3a7600000,0x000000b3a7700000] [id=36092]
  0x000002199cd724c0 ConcurrentGCThread "G1 Refine#0" [stack: 0x000000b3a7700000,0x000000b3a7800000] [id=17104]
  0x000002199cd72f40 ConcurrentGCThread "G1 Service" [stack: 0x000000b3a7800000,0x000000b3a7900000] [id=26608]

Threads with active compile tasks:

VM state: not at safepoint (normal execution)

VM Mutex/Monitor currently owned by a thread: None

Heap address: 0x0000000702a00000, size: 4054 MB, Compressed Oops mode: Zero based, Oop shift amount: 3

CDS disabled.
Compressed class space mapped at: 0x0000000800000000-0x0000000840000000, reserved size: 1073741824
Narrow klass base: 0x0000000800000000, Narrow klass shift: 0, Narrow klass range: 0x40000000

GC Precious Log:
 CPUs: 12 total, 12 available
 Memory: 16214M
 Large Page Support: Disabled
 NUMA Support: Disabled
 Compressed Oops: Enabled (Zero based)
 Heap Region Size: 2M
 Heap Min Capacity: 8M
 Heap Initial Capacity: 254M
 Heap Max Capacity: 4054M
 Pre-touch: Disabled
 Parallel Workers: 10
 Concurrent Workers: 3
 Concurrent Refinement Workers: 10
 Periodic GC: Disabled

Heap:
 garbage-first heap   total 260096K, used 10240K [0x0000000702a00000, 0x0000000800000000)
  region size 2048K, 7 young (14336K), 0 survivors (0K)
 Metaspace       used 14732K, committed 14912K, reserved 1064960K
  class space    used 1455K, committed 1536K, reserved 1048576K

Heap Regions: E=young(eden), S=young(survivor), O=old, HS=humongous(starts), HC=humongous(continues), CS=collection set, F=free, OA=open archive, CA=closed archive, TAMS=top-at-mark-start (previous, next)
|   0|0x0000000702a00000, 0x0000000702a00000, 0x0000000702c00000|  0%| F|  |TAMS 0x0000000702a00000, 0x0000000702a00000| Untracked 
|   1|0x0000000702c00000, 0x0000000702c00000, 0x0000000702e00000|  0%| F|  |TAMS 0x0000000702c00000, 0x0000000702c00000| Untracked 
|   2|0x0000000702e00000, 0x0000000702e00000, 0x0000000703000000|  0%| F|  |TAMS 0x0000000702e00000, 0x0000000702e00000| Untracked 
|   3|0x0000000703000000, 0x0000000703000000, 0x0000000703200000|  0%| F|  |TAMS 0x0000000703000000, 0x0000000703000000| Untracked 
|   4|0x0000000703200000, 0x0000000703200000, 0x0000000703400000|  0%| F|  |TAMS 0x0000000703200000, 0x0000000703200000| Untracked 
|   5|0x0000000703400000, 0x0000000703400000, 0x0000000703600000|  0%| F|  |TAMS 0x0000000703400000, 0x0000000703400000| Untracked 
|   6|0x0000000703600000, 0x0000000703600000, 0x0000000703800000|  0%| F|  |TAMS 0x0000000703600000, 0x0000000703600000| Untracked 
|   7|0x0000000703800000, 0x0000000703800000, 0x0000000703a00000|  0%| F|  |TAMS 0x0000000703800000, 0x0000000703800000| Untracked 
|   8|0x0000000703a00000, 0x0000000703a00000, 0x0000000703c00000|  0%| F|  |TAMS 0x0000000703a00000, 0x0000000703a00000| Untracked 
|   9|0x0000000703c00000, 0x0000000703c00000, 0x0000000703e00000|  0%| F|  |TAMS 0x0000000703c00000, 0x0000000703c00000| Untracked 
|  10|0x0000000703e00000, 0x0000000703e00000, 0x0000000704000000|  0%| F|  |TAMS 0x0000000703e00000, 0x0000000703e00000| Untracked 
|  11|0x0000000704000000, 0x0000000704000000, 0x0000000704200000|  0%| F|  |TAMS 0x0000000704000000, 0x0000000704000000| Untracked 
|  12|0x0000000704200000, 0x0000000704200000, 0x0000000704400000|  0%| F|  |TAMS 0x0000000704200000, 0x0000000704200000| Untracked 
|  13|0x0000000704400000, 0x0000000704400000, 0x0000000704600000|  0%| F|  |TAMS 0x0000000704400000, 0x0000000704400000| Untracked 
|  14|0x0000000704600000, 0x0000000704600000, 0x0000000704800000|  0%| F|  |TAMS 0x0000000704600000, 0x0000000704600000| Untracked 
|  15|0x0000000704800000, 0x0000000704800000, 0x0000000704a00000|  0%| F|  |TAMS 0x0000000704800000, 0x0000000704800000| Untracked 
|  16|0x0000000704a00000, 0x0000000704a00000, 0x0000000704c00000|  0%| F|  |TAMS 0x0000000704a00000, 0x0000000704a00000| Untracked 
|  17|0x0000000704c00000, 0x0000000704c00000, 0x0000000704e00000|  0%| F|  |TAMS 0x0000000704c00000, 0x0000000704c00000| Untracked 
|  18|0x0000000704e00000, 0x0000000704e00000, 0x0000000705000000|  0%| F|  |TAMS 0x0000000704e00000, 0x0000000704e00000| Untracked 
|  19|0x0000000705000000, 0x0000000705000000, 0x0000000705200000|  0%| F|  |TAMS 0x0000000705000000, 0x0000000705000000| Untracked 
|  20|0x0000000705200000, 0x0000000705200000, 0x0000000705400000|  0%| F|  |TAMS 0x0000000705200000, 0x0000000705200000| Untracked 
|  21|0x0000000705400000, 0x0000000705400000, 0x0000000705600000|  0%| F|  |TAMS 0x0000000705400000, 0x0000000705400000| Untracked 
|  22|0x0000000705600000, 0x0000000705600000, 0x0000000705800000|  0%| F|  |TAMS 0x0000000705600000, 0x0000000705600000| Untracked 
|  23|0x0000000705800000, 0x0000000705800000, 0x0000000705a00000|  0%| F|  |TAMS 0x0000000705800000, 0x0000000705800000| Untracked 
|  24|0x0000000705a00000, 0x0000000705a00000, 0x0000000705c00000|  0%| F|  |TAMS 0x0000000705a00000, 0x0000000705a00000| Untracked 
|  25|0x0000000705c00000, 0x0000000705c00000, 0x0000000705e00000|  0%| F|  |TAMS 0x0000000705c00000, 0x0000000705c00000| Untracked 
|  26|0x0000000705e00000, 0x0000000705e00000, 0x0000000706000000|  0%| F|  |TAMS 0x0000000705e00000, 0x0000000705e00000| Untracked 
|  27|0x0000000706000000, 0x0000000706000000, 0x0000000706200000|  0%| F|  |TAMS 0x0000000706000000, 0x0000000706000000| Untracked 
|  28|0x0000000706200000, 0x0000000706200000, 0x0000000706400000|  0%| F|  |TAMS 0x0000000706200000, 0x0000000706200000| Untracked 
|  29|0x0000000706400000, 0x0000000706400000, 0x0000000706600000|  0%| F|  |TAMS 0x0000000706400000, 0x0000000706400000| Untracked 
|  30|0x0000000706600000, 0x0000000706600000, 0x0000000706800000|  0%| F|  |TAMS 0x0000000706600000, 0x0000000706600000| Untracked 
|  31|0x0000000706800000, 0x0000000706800000, 0x0000000706a00000|  0%| F|  |TAMS 0x0000000706800000, 0x0000000706800000| Untracked 
|  32|0x0000000706a00000, 0x0000000706a00000, 0x0000000706c00000|  0%| F|  |TAMS 0x0000000706a00000, 0x0000000706a00000| Untracked 
|  33|0x0000000706c00000, 0x0000000706c00000, 0x0000000706e00000|  0%| F|  |TAMS 0x0000000706c00000, 0x0000000706c00000| Untracked 
|  34|0x0000000706e00000, 0x0000000706e00000, 0x0000000707000000|  0%| F|  |TAMS 0x0000000706e00000, 0x0000000706e00000| Untracked 
|  35|0x0000000707000000, 0x0000000707000000, 0x0000000707200000|  0%| F|  |TAMS 0x0000000707000000, 0x0000000707000000| Untracked 
|  36|0x0000000707200000, 0x0000000707200000, 0x0000000707400000|  0%| F|  |TAMS 0x0000000707200000, 0x0000000707200000| Untracked 
|  37|0x0000000707400000, 0x0000000707400000, 0x0000000707600000|  0%| F|  |TAMS 0x0000000707400000, 0x0000000707400000| Untracked 
|  38|0x0000000707600000, 0x0000000707600000, 0x0000000707800000|  0%| F|  |TAMS 0x0000000707600000, 0x0000000707600000| Untracked 
|  39|0x0000000707800000, 0x0000000707800000, 0x0000000707a00000|  0%| F|  |TAMS 0x0000000707800000, 0x0000000707800000| Untracked 
|  40|0x0000000707a00000, 0x0000000707a00000, 0x0000000707c00000|  0%| F|  |TAMS 0x0000000707a00000, 0x0000000707a00000| Untracked 
|  41|0x0000000707c00000, 0x0000000707c00000, 0x0000000707e00000|  0%| F|  |TAMS 0x0000000707c00000, 0x0000000707c00000| Untracked 
|  42|0x0000000707e00000, 0x0000000707e00000, 0x0000000708000000|  0%| F|  |TAMS 0x0000000707e00000, 0x0000000707e00000| Untracked 
|  43|0x0000000708000000, 0x0000000708000000, 0x0000000708200000|  0%| F|  |TAMS 0x0000000708000000, 0x0000000708000000| Untracked 
|  44|0x0000000708200000, 0x0000000708200000, 0x0000000708400000|  0%| F|  |TAMS 0x0000000708200000, 0x0000000708200000| Untracked 
|  45|0x0000000708400000, 0x0000000708400000, 0x0000000708600000|  0%| F|  |TAMS 0x0000000708400000, 0x0000000708400000| Untracked 
|  46|0x0000000708600000, 0x0000000708600000, 0x0000000708800000|  0%| F|  |TAMS 0x0000000708600000, 0x0000000708600000| Untracked 
|  47|0x0000000708800000, 0x0000000708800000, 0x0000000708a00000|  0%| F|  |TAMS 0x0000000708800000, 0x0000000708800000| Untracked 
|  48|0x0000000708a00000, 0x0000000708a00000, 0x0000000708c00000|  0%| F|  |TAMS 0x0000000708a00000, 0x0000000708a00000| Untracked 
|  49|0x0000000708c00000, 0x0000000708c00000, 0x0000000708e00000|  0%| F|  |TAMS 0x0000000708c00000, 0x0000000708c00000| Untracked 
|  50|0x0000000708e00000, 0x0000000708e00000, 0x0000000709000000|  0%| F|  |TAMS 0x0000000708e00000, 0x0000000708e00000| Untracked 
|  51|0x0000000709000000, 0x0000000709000000, 0x0000000709200000|  0%| F|  |TAMS 0x0000000709000000, 0x0000000709000000| Untracked 
|  52|0x0000000709200000, 0x0000000709200000, 0x0000000709400000|  0%| F|  |TAMS 0x0000000709200000, 0x0000000709200000| Untracked 
|  53|0x0000000709400000, 0x0000000709400000, 0x0000000709600000|  0%| F|  |TAMS 0x0000000709400000, 0x0000000709400000| Untracked 
|  54|0x0000000709600000, 0x0000000709600000, 0x0000000709800000|  0%| F|  |TAMS 0x0000000709600000, 0x0000000709600000| Untracked 
|  55|0x0000000709800000, 0x0000000709800000, 0x0000000709a00000|  0%| F|  |TAMS 0x0000000709800000, 0x0000000709800000| Untracked 
|  56|0x0000000709a00000, 0x0000000709a00000, 0x0000000709c00000|  0%| F|  |TAMS 0x0000000709a00000, 0x0000000709a00000| Untracked 
|  57|0x0000000709c00000, 0x0000000709c00000, 0x0000000709e00000|  0%| F|  |TAMS 0x0000000709c00000, 0x0000000709c00000| Untracked 
|  58|0x0000000709e00000, 0x0000000709e00000, 0x000000070a000000|  0%| F|  |TAMS 0x0000000709e00000, 0x0000000709e00000| Untracked 
|  59|0x000000070a000000, 0x000000070a000000, 0x000000070a200000|  0%| F|  |TAMS 0x000000070a000000, 0x000000070a000000| Untracked 
|  60|0x000000070a200000, 0x000000070a200000, 0x000000070a400000|  0%| F|  |TAMS 0x000000070a200000, 0x000000070a200000| Untracked 
|  61|0x000000070a400000, 0x000000070a400000, 0x000000070a600000|  0%| F|  |TAMS 0x000000070a400000, 0x000000070a400000| Untracked 
|  62|0x000000070a600000, 0x000000070a600000, 0x000000070a800000|  0%| F|  |TAMS 0x000000070a600000, 0x000000070a600000| Untracked 
|  63|0x000000070a800000, 0x000000070a800000, 0x000000070aa00000|  0%| F|  |TAMS 0x000000070a800000, 0x000000070a800000| Untracked 
|  64|0x000000070aa00000, 0x000000070aa00000, 0x000000070ac00000|  0%| F|  |TAMS 0x000000070aa00000, 0x000000070aa00000| Untracked 
|  65|0x000000070ac00000, 0x000000070ac00000, 0x000000070ae00000|  0%| F|  |TAMS 0x000000070ac00000, 0x000000070ac00000| Untracked 
|  66|0x000000070ae00000, 0x000000070ae00000, 0x000000070b000000|  0%| F|  |TAMS 0x000000070ae00000, 0x000000070ae00000| Untracked 
|  67|0x000000070b000000, 0x000000070b000000, 0x000000070b200000|  0%| F|  |TAMS 0x000000070b000000, 0x000000070b000000| Untracked 
|  68|0x000000070b200000, 0x000000070b200000, 0x000000070b400000|  0%| F|  |TAMS 0x000000070b200000, 0x000000070b200000| Untracked 
|  69|0x000000070b400000, 0x000000070b400000, 0x000000070b600000|  0%| F|  |TAMS 0x000000070b400000, 0x000000070b400000| Untracked 
|  70|0x000000070b600000, 0x000000070b600000, 0x000000070b800000|  0%| F|  |TAMS 0x000000070b600000, 0x000000070b600000| Untracked 
|  71|0x000000070b800000, 0x000000070b800000, 0x000000070ba00000|  0%| F|  |TAMS 0x000000070b800000, 0x000000070b800000| Untracked 
|  72|0x000000070ba00000, 0x000000070ba00000, 0x000000070bc00000|  0%| F|  |TAMS 0x000000070ba00000, 0x000000070ba00000| Untracked 
|  73|0x000000070bc00000, 0x000000070bc00000, 0x000000070be00000|  0%| F|  |TAMS 0x000000070bc00000, 0x000000070bc00000| Untracked 
|  74|0x000000070be00000, 0x000000070be00000, 0x000000070c000000|  0%| F|  |TAMS 0x000000070be00000, 0x000000070be00000| Untracked 
|  75|0x000000070c000000, 0x000000070c000000, 0x000000070c200000|  0%| F|  |TAMS 0x000000070c000000, 0x000000070c000000| Untracked 
|  76|0x000000070c200000, 0x000000070c200000, 0x000000070c400000|  0%| F|  |TAMS 0x000000070c200000, 0x000000070c200000| Untracked 
|  77|0x000000070c400000, 0x000000070c400000, 0x000000070c600000|  0%| F|  |TAMS 0x000000070c400000, 0x000000070c400000| Untracked 
|  78|0x000000070c600000, 0x000000070c600000, 0x000000070c800000|  0%| F|  |TAMS 0x000000070c600000, 0x000000070c600000| Untracked 
|  79|0x000000070c800000, 0x000000070c800000, 0x000000070ca00000|  0%| F|  |TAMS 0x000000070c800000, 0x000000070c800000| Untracked 
|  80|0x000000070ca00000, 0x000000070ca00000, 0x000000070cc00000|  0%| F|  |TAMS 0x000000070ca00000, 0x000000070ca00000| Untracked 
|  81|0x000000070cc00000, 0x000000070cc00000, 0x000000070ce00000|  0%| F|  |TAMS 0x000000070cc00000, 0x000000070cc00000| Untracked 
|  82|0x000000070ce00000, 0x000000070ce00000, 0x000000070d000000|  0%| F|  |TAMS 0x000000070ce00000, 0x000000070ce00000| Untracked 
|  83|0x000000070d000000, 0x000000070d000000, 0x000000070d200000|  0%| F|  |TAMS 0x000000070d000000, 0x000000070d000000| Untracked 
|  84|0x000000070d200000, 0x000000070d200000, 0x000000070d400000|  0%| F|  |TAMS 0x000000070d200000, 0x000000070d200000| Untracked 
|  85|0x000000070d400000, 0x000000070d400000, 0x000000070d600000|  0%| F|  |TAMS 0x000000070d400000, 0x000000070d400000| Untracked 
|  86|0x000000070d600000, 0x000000070d600000, 0x000000070d800000|  0%| F|  |TAMS 0x000000070d600000, 0x000000070d600000| Untracked 
|  87|0x000000070d800000, 0x000000070d800000, 0x000000070da00000|  0%| F|  |TAMS 0x000000070d800000, 0x000000070d800000| Untracked 
|  88|0x000000070da00000, 0x000000070da00000, 0x000000070dc00000|  0%| F|  |TAMS 0x000000070da00000, 0x000000070da00000| Untracked 
|  89|0x000000070dc00000, 0x000000070dc00000, 0x000000070de00000|  0%| F|  |TAMS 0x000000070dc00000, 0x000000070dc00000| Untracked 
|  90|0x000000070de00000, 0x000000070de00000, 0x000000070e000000|  0%| F|  |TAMS 0x000000070de00000, 0x000000070de00000| Untracked 
|  91|0x000000070e000000, 0x000000070e000000, 0x000000070e200000|  0%| F|  |TAMS 0x000000070e000000, 0x000000070e000000| Untracked 
|  92|0x000000070e200000, 0x000000070e200000, 0x000000070e400000|  0%| F|  |TAMS 0x000000070e200000, 0x000000070e200000| Untracked 
|  93|0x000000070e400000, 0x000000070e400000, 0x000000070e600000|  0%| F|  |TAMS 0x000000070e400000, 0x000000070e400000| Untracked 
|  94|0x000000070e600000, 0x000000070e600000, 0x000000070e800000|  0%| F|  |TAMS 0x000000070e600000, 0x000000070e600000| Untracked 
|  95|0x000000070e800000, 0x000000070e800000, 0x000000070ea00000|  0%| F|  |TAMS 0x000000070e800000, 0x000000070e800000| Untracked 
|  96|0x000000070ea00000, 0x000000070ea00000, 0x000000070ec00000|  0%| F|  |TAMS 0x000000070ea00000, 0x000000070ea00000| Untracked 
|  97|0x000000070ec00000, 0x000000070ec00000, 0x000000070ee00000|  0%| F|  |TAMS 0x000000070ec00000, 0x000000070ec00000| Untracked 
|  98|0x000000070ee00000, 0x000000070ee00000, 0x000000070f000000|  0%| F|  |TAMS 0x000000070ee00000, 0x000000070ee00000| Untracked 
|  99|0x000000070f000000, 0x000000070f000000, 0x000000070f200000|  0%| F|  |TAMS 0x000000070f000000, 0x000000070f000000| Untracked 
| 100|0x000000070f200000, 0x000000070f200000, 0x000000070f400000|  0%| F|  |TAMS 0x000000070f200000, 0x000000070f200000| Untracked 
| 101|0x000000070f400000, 0x000000070f400000, 0x000000070f600000|  0%| F|  |TAMS 0x000000070f400000, 0x000000070f400000| Untracked 
| 102|0x000000070f600000, 0x000000070f600000, 0x000000070f800000|  0%| F|  |TAMS 0x000000070f600000, 0x000000070f600000| Untracked 
| 103|0x000000070f800000, 0x000000070f800000, 0x000000070fa00000|  0%| F|  |TAMS 0x000000070f800000, 0x000000070f800000| Untracked 
| 104|0x000000070fa00000, 0x000000070fa00000, 0x000000070fc00000|  0%| F|  |TAMS 0x000000070fa00000, 0x000000070fa00000| Untracked 
| 105|0x000000070fc00000, 0x000000070fc00000, 0x000000070fe00000|  0%| F|  |TAMS 0x000000070fc00000, 0x000000070fc00000| Untracked 
| 106|0x000000070fe00000, 0x000000070fe00000, 0x0000000710000000|  0%| F|  |TAMS 0x000000070fe00000, 0x000000070fe00000| Untracked 
| 107|0x0000000710000000, 0x0000000710000000, 0x0000000710200000|  0%| F|  |TAMS 0x0000000710000000, 0x0000000710000000| Untracked 
| 108|0x0000000710200000, 0x0000000710200000, 0x0000000710400000|  0%| F|  |TAMS 0x0000000710200000, 0x0000000710200000| Untracked 
| 109|0x0000000710400000, 0x0000000710400000, 0x0000000710600000|  0%| F|  |TAMS 0x0000000710400000, 0x0000000710400000| Untracked 
| 110|0x0000000710600000, 0x0000000710600000, 0x0000000710800000|  0%| F|  |TAMS 0x0000000710600000, 0x0000000710600000| Untracked 
| 111|0x0000000710800000, 0x0000000710800000, 0x0000000710a00000|  0%| F|  |TAMS 0x0000000710800000, 0x0000000710800000| Untracked 
| 112|0x0000000710a00000, 0x0000000710a00000, 0x0000000710c00000|  0%| F|  |TAMS 0x0000000710a00000, 0x0000000710a00000| Untracked 
| 113|0x0000000710c00000, 0x0000000710c00000, 0x0000000710e00000|  0%| F|  |TAMS 0x0000000710c00000, 0x0000000710c00000| Untracked 
| 114|0x0000000710e00000, 0x0000000710e00000, 0x0000000711000000|  0%| F|  |TAMS 0x0000000710e00000, 0x0000000710e00000| Untracked 
| 115|0x0000000711000000, 0x0000000711000000, 0x0000000711200000|  0%| F|  |TAMS 0x0000000711000000, 0x0000000711000000| Untracked 
| 116|0x0000000711200000, 0x0000000711200000, 0x0000000711400000|  0%| F|  |TAMS 0x0000000711200000, 0x0000000711200000| Untracked 
| 117|0x0000000711400000, 0x0000000711400000, 0x0000000711600000|  0%| F|  |TAMS 0x0000000711400000, 0x0000000711400000| Untracked 
| 118|0x0000000711600000, 0x0000000711600000, 0x0000000711800000|  0%| F|  |TAMS 0x0000000711600000, 0x0000000711600000| Untracked 
| 119|0x0000000711800000, 0x0000000711800000, 0x0000000711a00000|  0%| F|  |TAMS 0x0000000711800000, 0x0000000711800000| Untracked 
| 120|0x0000000711a00000, 0x0000000711bd0188, 0x0000000711c00000| 90%| E|  |TAMS 0x0000000711a00000, 0x0000000711a00000| Complete 
| 121|0x0000000711c00000, 0x0000000711e00000, 0x0000000711e00000|100%| E|CS|TAMS 0x0000000711c00000, 0x0000000711c00000| Complete 
| 122|0x0000000711e00000, 0x0000000712000000, 0x0000000712000000|100%| E|  |TAMS 0x0000000711e00000, 0x0000000711e00000| Complete 
| 123|0x0000000712000000, 0x0000000712200000, 0x0000000712200000|100%| E|CS|TAMS 0x0000000712000000, 0x0000000712000000| Complete 
| 124|0x0000000712200000, 0x0000000712400000, 0x0000000712400000|100%| E|CS|TAMS 0x0000000712200000, 0x0000000712200000| Complete 
| 125|0x0000000712400000, 0x0000000712600000, 0x0000000712600000|100%| E|CS|TAMS 0x0000000712400000, 0x0000000712400000| Complete 
| 126|0x0000000712600000, 0x0000000712800000, 0x0000000712800000|100%| E|CS|TAMS 0x0000000712600000, 0x0000000712600000| Complete 

Card table byte_map: [0x00000219feda0000,0x00000219ff590000] _byte_map_base: 0x00000219fb58b000

Marking Bits (Prev, Next): (CMBitMap*) 0x00000219fc07c070, (CMBitMap*) 0x00000219fc07c0b0
 Prev Bits: [0x00000219924b0000, 0x0000021996408000)
 Next Bits: [0x0000021996410000, 0x000002199a368000)

Polling page: 0x00000219fbe00000

Metaspace:

Usage:
  Non-class:     12.97 MB used.
      Class:      1.42 MB used.
       Both:     14.39 MB used.

Virtual space:
  Non-class space:       16.00 MB reserved,      13.06 MB ( 82%) committed,  2 nodes.
      Class space:        1.00 GB reserved,       1.50 MB ( <1%) committed,  1 nodes.
              Both:        1.02 GB reserved,      14.56 MB (  1%) committed. 

Chunk freelists:
   Non-Class:  2.95 MB
       Class:  2.47 MB
        Both:  5.42 MB

MaxMetaspaceSize: 17179869184.00 GB
CompressedClassSpaceSize: 1.00 GB
 - commit_granule_bytes: 65536.
 - commit_granule_words: 8192.
 - virtual_space_node_default_size: 1048576.
 - enlarge_chunks_in_place: 1.
 - new_chunks_are_fully_committed: 0.
 - uncommit_free_chunks: 1.
 - use_allocation_guard: 0.
 - handle_deallocations: 1.


Internal statistics:

num_allocs_failed_limit: 0.
num_arena_births: 112.
num_arena_deaths: 0.
num_vsnodes_births: 3.
num_vsnodes_deaths: 0.
num_space_committed: 233.
num_space_uncommitted: 0.
num_chunks_returned_to_freelist: 0.
num_chunks_taken_from_freelist: 172.
num_chunk_merges: 0.
num_chunk_splits: 104.
num_chunks_enlarged: 63.
num_purges: 0.

CodeHeap 'non-profiled nmethods': size=120000Kb used=260Kb max_used=260Kb free=119739Kb
 bounds [0x000002198af80000, 0x000002198b1f0000, 0x00000219924b0000]
CodeHeap 'profiled nmethods': size=120000Kb used=1365Kb max_used=1365Kb free=118634Kb
 bounds [0x0000021983a50000, 0x0000021983cc0000, 0x000002198af80000]
CodeHeap 'non-nmethods': size=5760Kb used=1293Kb max_used=1307Kb free=4466Kb
 bounds [0x00000219834b0000, 0x0000021983720000, 0x0000021983a50000]
 total_blobs=1588 nmethods=968 adapters=533
 compilation: enabled
              stopped_count=0, restarted_count=0
 full_count=0

Compilation events (20 events):
Event: 94.582 Thread 0x000002199d8758a0  960       3       sun.java2d.SurfaceData::validatePipe (785 bytes)
Event: 94.583 Thread 0x000002199d8758a0 nmethod 960 0x0000021983b9f590 code [0x0000021983b9fa20, 0x0000021983ba2c88]
Event: 94.596 Thread 0x000002199d8758a0  961       1       java.awt.EventDispatchThread$1::evaluate (2 bytes)
Event: 94.597 Thread 0x000002199d8758a0 nmethod 961 0x000002198afc0890 code [0x000002198afc0a20, 0x000002198afc0af8]
Event: 94.597 Thread 0x000002199d8758a0  962  s    1       java.awt.EventDispatchThread::getEventQueue (5 bytes)
Event: 94.597 Thread 0x000002199d8758a0 nmethod 962 0x000002198afc0b90 code [0x000002198afc0d20, 0x000002198afc0e98]
Event: 94.613 Thread 0x000002199d8758a0  963       3       java.security.ProtectionDomain$JavaSecurityAccessImpl::doIntersectionPrivilege (22 bytes)
Event: 94.613 Thread 0x000002199d8758a0 nmethod 963 0x0000021983ba2e90 code [0x0000021983ba30c0, 0x0000021983ba3638]
Event: 94.613 Thread 0x000002199d8758a0  964       3       java.security.ProtectionDomain$JavaSecurityAccessImpl::getCombinedACC (30 bytes)
Event: 94.613 Thread 0x000002199d8758a0 nmethod 964 0x0000021983ba3890 code [0x0000021983ba3a60, 0x0000021983ba3e58]
Event: 94.638 Thread 0x000002199d8758a0  965       3       sun.awt.EventQueueItem::<init> (10 bytes)
Event: 94.638 Thread 0x000002199d8758a0 nmethod 965 0x0000021983ba4010 code [0x0000021983ba41c0, 0x0000021983ba4378]
Event: 94.639 Thread 0x000002199d8758a0  966       3       javax.swing.JComponent::getY (5 bytes)
Event: 94.639 Thread 0x000002199d8758a0 nmethod 966 0x0000021983ba4410 code [0x0000021983ba45a0, 0x0000021983ba46b8]
Event: 94.640 Thread 0x000002199d8758a0  967       3       java.util.LinkedList$ListItr::next (56 bytes)
Event: 94.640 Thread 0x000002199d8758a0 nmethod 967 0x0000021983ba4790 code [0x0000021983ba4980, 0x0000021983ba4e18]
Event: 94.640 Thread 0x000002199d8758a0  968       1       java.awt.Component::getComponentOrientation (5 bytes)
Event: 94.640 Thread 0x000002199d8758a0 nmethod 968 0x000002198afc0f10 code [0x000002198afc10a0, 0x000002198afc1178]
Event: 94.646 Thread 0x000002199d8758a0  969       3       java.lang.ref.WeakReference::<init> (6 bytes)
Event: 94.647 Thread 0x000002199d8758a0 nmethod 969 0x0000021983ba5010 code [0x0000021983ba51c0, 0x0000021983ba54d8]

GC Heap History (0 events):
No events

Deoptimization events (16 events):
Event: 0.269 Thread 0x00000219fc02b0d0 Uncommon trap: trap_request=0xffffff45 fr.pc=0x000002198af82628 relative=0x0000000000000088
Event: 0.269 Thread 0x00000219fc02b0d0 Uncommon trap: reason=unstable_if action=reinterpret pc=0x000002198af82628 method=java.lang.String.charAt(I)C @ 4 c2
Event: 0.269 Thread 0x00000219fc02b0d0 DEOPT PACKING pc=0x000002198af82628 sp=0x000000b3a73fcd90
Event: 0.269 Thread 0x00000219fc02b0d0 DEOPT UNPACKING pc=0x00000219834fd72e sp=0x000000b3a73fcd30 mode 2
Event: 0.351 Thread 0x00000219fc02b0d0 Uncommon trap: trap_request=0xffffff45 fr.pc=0x000002198af929d8 relative=0x0000000000000238
Event: 0.351 Thread 0x00000219fc02b0d0 Uncommon trap: reason=unstable_if action=reinterpret pc=0x000002198af929d8 method=java.lang.String.hashCode()I @ 20 c2
Event: 0.351 Thread 0x00000219fc02b0d0 DEOPT PACKING pc=0x000002198af929d8 sp=0x000000b3a73fdb10
Event: 0.351 Thread 0x00000219fc02b0d0 DEOPT UNPACKING pc=0x00000219834fd72e sp=0x000000b3a73fdaa0 mode 2
Event: 0.386 Thread 0x00000219fc02b0d0 DEOPT PACKING pc=0x0000021983a5e167 sp=0x000000b3a73fdc50
Event: 0.386 Thread 0x00000219fc02b0d0 DEOPT UNPACKING pc=0x00000219834fdece sp=0x000000b3a73fd070 mode 0
Event: 0.450 Thread 0x00000219fc02b0d0 DEOPT PACKING pc=0x0000021983a5d4d1 sp=0x000000b3a73fdb00
Event: 0.450 Thread 0x00000219fc02b0d0 DEOPT UNPACKING pc=0x00000219834fdece sp=0x000000b3a73fcf78 mode 0
Event: 3.222 Thread 0x000002199e2f62f0 DEOPT PACKING pc=0x0000021983b31e04 sp=0x000000b3a8afcc70
Event: 3.222 Thread 0x000002199e2f62f0 DEOPT UNPACKING pc=0x00000219834fdece sp=0x000000b3a8afc140 mode 0
Event: 3.228 Thread 0x000002199e2f62f0 DEOPT PACKING pc=0x0000021983b31e04 sp=0x000000b3a8afcc70
Event: 3.228 Thread 0x000002199e2f62f0 DEOPT UNPACKING pc=0x00000219834fdece sp=0x000000b3a8afc140 mode 0

Classes unloaded (0 events):
No events

Classes redefined (0 events):
No events

Internal exceptions (16 events):
Event: 0.222 Thread 0x00000219fc02b0d0 Exception <a 'java/lang/NoSuchMethodError'{0x000000071243b5a8}: 'java.lang.Object java.lang.invoke.DirectMethodHandle$Holder.invokeStatic(java.lang.Object)'> (0x000000071243b5a8) 
thrown [t:\workspace\open\src\hotspot\share\interpreter\linkResolver.cpp, line 790]
Event: 0.243 Thread 0x00000219fc02b0d0 Exception <a 'java/lang/ClassNotFoundException'{0x0000000712463400}: sun/awt/resources/spi/awtProvider> (0x0000000712463400) 
thrown [t:\workspace\open\src\hotspot\share\classfile\systemDictionary.cpp, line 256]
Event: 0.270 Thread 0x00000219fc02b0d0 Exception <a 'java/io/FileNotFoundException'{0x00000007124b3768}> (0x00000007124b3768) 
thrown [t:\workspace\open\src\hotspot\share\prims\jni.cpp, line 579]
Event: 0.278 Thread 0x00000219fc02b0d0 Exception <a 'java/io/FileNotFoundException'{0x00000007124e2388}> (0x00000007124e2388) 
thrown [t:\workspace\open\src\hotspot\share\prims\jni.cpp, line 579]
Event: 0.323 Thread 0x00000219fc02b0d0 Exception <a 'java/lang/NoSuchMethodError'{0x0000000712526748}: 'java.lang.Object java.lang.invoke.DirectMethodHandle$Holder.invokeStaticInit(java.lang.Object)'> (0x0000000712526748) 
thrown [t:\workspace\open\src\hotspot\share\interpreter\linkResolver.cpp, line 790]
Event: 0.356 Thread 0x00000219fc02b0d0 Exception <a 'java/lang/NoSuchMethodError'{0x00000007125e1d00}: 'void java.lang.invoke.DirectMethodHandle$Holder.invokeSpecial(java.lang.Object, java.lang.Object, java.lang.Object)'> (0x00000007125e1d00) 
thrown [t:\workspace\open\src\hotspot\share\interpreter\linkResolver.cpp, line 790]
Event: 0.363 Thread 0x00000219fc02b0d0 Exception <a 'java/lang/NoSuchMethodError'{0x000000071220c8b8}: 'java.lang.Object java.lang.invoke.DirectMethodHandle$Holder.newInvokeSpecial(java.lang.Object, java.lang.Object, java.lang.Object, java.lang.Object, java.lang.Object)'> (0x000000071220c8b8) 
thrown [t:\workspace\open\src\hotspot\share\interpreter\linkResolver.cpp, line 790]
Event: 0.364 Thread 0x00000219fc02b0d0 Exception <a 'java/lang/NoSuchMethodError'{0x00000007122183a0}: 'java.lang.Object java.lang.invoke.DirectMethodHandle$Holder.invokeStatic(java.lang.Object, int, java.lang.Object, java.lang.Object, java.lang.Object, java.lang.Object)'> (0x00000007122183a0) 
thrown [t:\workspace\open\src\hotspot\share\interpreter\linkResolver.cpp, line 790]
Event: 0.368 Thread 0x00000219fc02b0d0 Exception <a 'java/lang/NoSuchMethodError'{0x000000071223e468}: 'java.lang.Object java.lang.invoke.DirectMethodHandle$Holder.invokeStatic(java.lang.Object, int, java.lang.Object)'> (0x000000071223e468) 
thrown [t:\workspace\open\src\hotspot\share\interpreter\linkResolver.cpp, line 790]
Event: 0.392 Thread 0x00000219fc02b0d0 Exception <a 'java/lang/ClassNotFoundException'{0x00000007122f64a8}: com/sun/swing/internal/plaf/metal/resources/spi/metalProvider> (0x00000007122f64a8) 
thrown [t:\workspace\open\src\hotspot\share\classfile\systemDictionary.cpp, line 256]
Event: 0.393 Thread 0x00000219fc02b0d0 Exception <a 'java/lang/ClassNotFoundException'{0x00000007122fc200}: com/sun/swing/internal/plaf/basic/resources/spi/basicProvider> (0x00000007122fc200) 
thrown [t:\workspace\open\src\hotspot\share\classfile\systemDictionary.cpp, line 256]
Event: 0.439 Thread 0x00000219fc02b0d0 Exception <a 'java/io/FileNotFoundException'{0x0000000712345be0}> (0x0000000712345be0) 
thrown [t:\workspace\open\src\hotspot\share\prims\jni.cpp, line 579]
Event: 0.532 Thread 0x000002199e1e96c0 Exception <a 'java/lang/NoSuchMethodError'{0x0000000712561a00}: 'void java.lang.invoke.DirectMethodHandle$Holder.invokeVirtual(java.lang.Object, java.lang.Object)'> (0x0000000712561a00) 
thrown [t:\workspace\open\src\hotspot\share\interpreter\linkResolver.cpp, line 790]
Event: 0.597 Thread 0x00000219fc02b0d0 Exception <a 'java/lang/NoSuchMethodError'{0x00000007123a4378}: 'void java.lang.invoke.DirectMethodHandle$Holder.invokeStaticInit(java.lang.Object)'> (0x00000007123a4378) 
thrown [t:\workspace\open\src\hotspot\share\interpreter\linkResolver.cpp, line 790]
Event: 21.898 Thread 0x00000219fbe30fe0 Exception <a 'java/lang/NoSuchMethodError'{0x0000000711de7530}: 'void java.lang.invoke.DirectMethodHandle$Holder.invokeSpecial(java.lang.Object, java.lang.Object, int)'> (0x0000000711de7530) 
thrown [t:\workspace\open\src\hotspot\share\interpreter\linkResolver.cpp, line 790]
Event: 21.899 Thread 0x00000219fbe30fe0 Exception <a 'java/lang/NoSuchMethodError'{0x0000000711ded8b8}: 'java.lang.Object java.lang.invoke.DirectMethodHandle$Holder.newInvokeSpecial(java.lang.Object, java.lang.Object, int)'> (0x0000000711ded8b8) 
thrown [t:\workspace\open\src\hotspot\share\interpreter\linkResolver.cpp, line 790]

Events (20 events):
Event: 94.487 loading class java/awt/Container$EventTargetFilter done
Event: 94.487 loading class java/awt/Container$MouseEventTargetFilter done
Event: 94.487 loading class java/awt/LightweightDispatcher$1
Event: 94.487 loading class java/awt/LightweightDispatcher$1 done
Event: 94.487 loading class java/awt/event/AWTEventListenerProxy
Event: 94.487 loading class java/awt/event/AWTEventListenerProxy done
Event: 94.487 loading class java/awt/Toolkit$SelectiveAWTEventListener
Event: 94.487 loading class java/awt/Toolkit$SelectiveAWTEventListener done
Event: 94.487 loading class java/awt/Toolkit$ToolkitEventMulticaster
Event: 94.487 loading class java/awt/Toolkit$ToolkitEventMulticaster done
Event: 94.488 loading class java/awt/event/MouseWheelEvent
Event: 94.488 loading class java/awt/event/MouseWheelEvent done
Event: 94.646 loading class java/awt/LightweightDispatcher$2
Event: 94.646 loading class java/awt/LightweightDispatcher$2 done
Event: 95.206 Thread 0x000002199e333060 Thread added: 0x000002199e333060
Event: 95.206 Thread 0x000002199e333580 Thread added: 0x000002199e333580
Event: 95.206 Thread 0x000002199e406270 Thread added: 0x000002199e406270
Event: 95.207 Thread 0x000002199e406270 Thread exited: 0x000002199e406270
Event: 95.242 Thread 0x000002199e1e96c0 Thread exited: 0x000002199e1e96c0
Event: 95.249 Thread 0x000002199e333060 Thread exited: 0x000002199e333060


Dynamic libraries:
0x00007ff64d320000 - 0x00007ff64d330000 	D:\Program Files\Java\jdk-16.0.2\jre\bin\javaw.exe
0x00007ff9f0170000 - 0x00007ff9f0365000 	C:\WINDOWS\SYSTEM32\ntdll.dll
0x00007ff9ee790000 - 0x00007ff9ee84e000 	C:\WINDOWS\System32\KERNEL32.DLL
0x00007ff9ed880000 - 0x00007ff9edb48000 	C:\WINDOWS\System32\KERNELBASE.dll
0x00007ff9ee080000 - 0x00007ff9ee180000 	C:\WINDOWS\System32\ucrtbase.dll
0x00007ff9d2680000 - 0x00007ff9d2699000 	D:\Program Files\Java\jdk-16.0.2\jre\bin\VCRUNTIME140.dll
0x00007ff9d2660000 - 0x00007ff9d2678000 	D:\Program Files\Java\jdk-16.0.2\jre\bin\jli.dll
0x00007ff9ee470000 - 0x00007ff9ee51c000 	C:\WINDOWS\System32\ADVAPI32.dll
0x00007ff9ee3d0000 - 0x00007ff9ee46e000 	C:\WINDOWS\System32\msvcrt.dll
0x00007ff9ee330000 - 0x00007ff9ee3cb000 	C:\WINDOWS\System32\sechost.dll
0x00007ff9eefa0000 - 0x00007ff9ef0ca000 	C:\WINDOWS\System32\RPCRT4.dll
0x00007ff9efd00000 - 0x00007ff9efea1000 	C:\WINDOWS\System32\USER32.dll
0x00007ff9ee050000 - 0x00007ff9ee072000 	C:\WINDOWS\System32\win32u.dll
0x00007ff9ef710000 - 0x00007ff9ef73b000 	C:\WINDOWS\System32\GDI32.dll
0x00007ff9ede60000 - 0x00007ff9edf6d000 	C:\WINDOWS\System32\gdi32full.dll
0x00007ff9edbb0000 - 0x00007ff9edc4d000 	C:\WINDOWS\System32\msvcp_win.dll
0x00007ff9ecc80000 - 0x00007ff9ecf1a000 	C:\WINDOWS\WinSxS\amd64_microsoft.windows.common-controls_6595b64144ccf1df_6.0.19041.1110_none_60b5254171f9507e\COMCTL32.dll
0x00007ff9eb2e0000 - 0x00007ff9eb2ea000 	C:\WINDOWS\SYSTEM32\VERSION.dll
0x00007ff9efb10000 - 0x00007ff9efb40000 	C:\WINDOWS\System32\IMM32.DLL
0x00007ff9d2650000 - 0x00007ff9d265c000 	D:\Program Files\Java\jdk-16.0.2\jre\bin\vcruntime140_1.dll
0x00007ff9bcd40000 - 0x00007ff9bcdd1000 	D:\Program Files\Java\jdk-16.0.2\jre\bin\msvcp140.dll
0x00007ff982f50000 - 0x00007ff983afb000 	D:\Program Files\Java\jdk-16.0.2\jre\bin\server\jvm.dll
0x00007ff9efeb0000 - 0x00007ff9efeb8000 	C:\WINDOWS\System32\PSAPI.DLL
0x00007ff9d3b50000 - 0x00007ff9d3b77000 	C:\WINDOWS\SYSTEM32\WINMM.dll
0x00007ff9cffc0000 - 0x00007ff9cffc9000 	C:\WINDOWS\SYSTEM32\WSOCK32.dll
0x00007ff9ef740000 - 0x00007ff9ef7ab000 	C:\WINDOWS\System32\WS2_32.dll
0x00007ff9ea960000 - 0x00007ff9ea972000 	C:\WINDOWS\SYSTEM32\kernel.appcore.dll
0x00007ff9d2640000 - 0x00007ff9d264a000 	D:\Program Files\Java\jdk-16.0.2\jre\bin\jimage.dll
0x00007ff9ed2a0000 - 0x00007ff9ed484000 	C:\WINDOWS\SYSTEM32\DBGHELP.DLL
0x00007ff9ed1f0000 - 0x00007ff9ed21c000 	C:\WINDOWS\SYSTEM32\dbgcore.DLL
0x00007ff9edf70000 - 0x00007ff9edff2000 	C:\WINDOWS\System32\bcryptPrimitives.dll
0x00007ff9d1920000 - 0x00007ff9d1945000 	D:\Program Files\Java\jdk-16.0.2\jre\bin\java.dll
0x00007ff9ee850000 - 0x00007ff9eef94000 	C:\WINDOWS\System32\SHELL32.dll
0x00007ff9eab30000 - 0x00007ff9eb2c4000 	C:\WINDOWS\SYSTEM32\windows.storage.dll
0x00007ff9ef7b0000 - 0x00007ff9efb05000 	C:\WINDOWS\System32\combase.dll
0x00007ff9ecbe0000 - 0x00007ff9ecc0e000 	C:\WINDOWS\SYSTEM32\Wldp.dll
0x00007ff9ee6e0000 - 0x00007ff9ee78d000 	C:\WINDOWS\System32\SHCORE.dll
0x00007ff9f00d0000 - 0x00007ff9f0125000 	C:\WINDOWS\System32\shlwapi.dll
0x00007ff9ed7c0000 - 0x00007ff9ed7df000 	C:\WINDOWS\SYSTEM32\profapi.dll
0x00007ff9d1900000 - 0x00007ff9d1919000 	D:\Program Files\Java\jdk-16.0.2\jre\bin\net.dll
0x00007ff9e3230000 - 0x00007ff9e333c000 	C:\WINDOWS\SYSTEM32\WINHTTP.dll
0x00007ff9ec8d0000 - 0x00007ff9ec93a000 	C:\WINDOWS\system32\mswsock.dll
0x00007ff9d18e0000 - 0x00007ff9d18f3000 	D:\Program Files\Java\jdk-16.0.2\jre\bin\nio.dll
0x00007ff9cfc40000 - 0x00007ff9cfc58000 	D:\Program Files\Java\jdk-16.0.2\jre\bin\zip.dll
0x00007ff9ce2f0000 - 0x00007ff9ce334000 	C:\Users\lenovo\Documents\GitHub\polytechWebotsController-main-fu\fr.univcotedazur.kairos.webots.polycreate.controler\webotsLibs\JavaController.dll
0x00007ff9cb0b0000 - 0x00007ff9cb0cc000 	D:\Program Files\Webots\msys64\mingw64\bin\cpp\libgcc_s_seh-1.dll
0x00007ff9acaf0000 - 0x00007ff9acc9e000 	D:\Program Files\Webots\msys64\mingw64\bin\cpp\libstdc++-6.dll
0x00007ff9ad960000 - 0x00007ff9ad9d0000 	D:\Program Files\Webots\lib\controller\CppController.dll
0x00007ff9c9630000 - 0x00007ff9c9646000 	D:\Program Files\Webots\msys64\mingw64\bin\cpp\libwinpthread-1.dll
0x00007ff9cb9e0000 - 0x00007ff9cba6c000 	D:\Program Files\Webots\lib\controller\Controller.dll
0x00007ff9dabd0000 - 0x00007ff9dabdd000 	D:\PROGRA~1\Webots\RESOUR~1\projects\plugins\ROBOT_~1\generic\generic.dll
0x00007ff9d2a70000 - 0x00007ff9d2a8b000 	D:\Program Files\Webots\lib\controller\generic_robot_window.dll
0x00007ff980950000 - 0x00007ff980ad0000 	D:\Program Files\Java\jdk-16.0.2\jre\bin\awt.dll
0x00007ff9efba0000 - 0x00007ff9efc6d000 	C:\WINDOWS\System32\OLEAUT32.dll
0x00007ff9ea170000 - 0x00007ff9ea200000 	C:\WINDOWS\SYSTEM32\apphelp.dll
0x00007ff9ea470000 - 0x00007ff9ea49f000 	C:\WINDOWS\system32\DWMAPI.DLL
0x00007ff9ea320000 - 0x00007ff9ea3be000 	C:\WINDOWS\system32\uxtheme.dll
0x00007ff9bc580000 - 0x00007ff9bc6a5000 	C:\WINDOWS\system32\opengl32.dll
0x00007ff9bc550000 - 0x00007ff9bc57c000 	C:\WINDOWS\SYSTEM32\GLU32.dll
0x00007ff9ee1b0000 - 0x00007ff9ee2c5000 	C:\WINDOWS\System32\MSCTF.dll
0x00007ff9effa0000 - 0x00007ff9f00ca000 	C:\WINDOWS\System32\ole32.dll
0x00007ff99e190000 - 0x00007ff99e219000 	D:\Program Files\Java\jdk-16.0.2\jre\bin\freetype.dll
0x00007ff9851f0000 - 0x00007ff9852e6000 	D:\Program Files\Java\jdk-16.0.2\jre\bin\harfbuzz.dll
0x00007ff9cfc20000 - 0x00007ff9cfc32000 	D:\Program Files\Java\jdk-16.0.2\jre\bin\fontmanager.dll
0x00007ff9ee530000 - 0x00007ff9ee5d9000 	C:\WINDOWS\System32\clbcatq.dll
0x00007ff9e2640000 - 0x00007ff9e27f4000 	C:\WINDOWS\SYSTEM32\WindowsCodecs.dll
0x00007ff9ee180000 - 0x00007ff9ee1a7000 	C:\WINDOWS\System32\bcrypt.dll
0x00007ff9d89d0000 - 0x00007ff9d8ac9000 	C:\WINDOWS\SYSTEM32\textinputframework.dll
0x00007ff9e9a40000 - 0x00007ff9e9d9e000 	C:\WINDOWS\System32\CoreUIComponents.dll
0x00007ff9e9f10000 - 0x00007ff9ea002000 	C:\WINDOWS\System32\CoreMessaging.dll
0x00007ff9ed5c0000 - 0x00007ff9ed5f3000 	C:\WINDOWS\SYSTEM32\ntmarta.dll
0x00007ff9e9230000 - 0x00007ff9e9384000 	C:\WINDOWS\SYSTEM32\wintypes.dll
0x00007ff9dfa80000 - 0x00007ff9dfabb000 	C:\WINDOWS\SYSTEM32\dxcore.dll
0x00007ff9ee000000 - 0x00007ff9ee04e000 	C:\WINDOWS\System32\cfgmgr32.dll

dbghelp: loaded successfully - version: 4.0.5 - missing functions: none
symbol engine: initialized successfully - sym options: 0x614 - pdb path: .;D:\Program Files\Java\jdk-16.0.2\jre\bin;C:\WINDOWS\SYSTEM32;C:\WINDOWS\WinSxS\amd64_microsoft.windows.common-controls_6595b64144ccf1df_6.0.19041.1110_none_60b5254171f9507e;D:\Program Files\Java\jdk-16.0.2\jre\bin\server;C:\Users\lenovo\Documents\GitHub\polytechWebotsController-main-fu\fr.univcotedazur.kairos.webots.polycreate.controler\webotsLibs;D:\Program Files\Webots\msys64\mingw64\bin\cpp;D:\Program Files\Webots\lib\controller;D:\PROGRA~1\Webots\RESOUR~1\projects\plugins\ROBOT_~1\generic

VM Arguments:
jvm_args: -Djava.library.path=C:\Users\lenovo\Documents\GitHub\polytechWebotsController-main-fu\fr.univcotedazur.kairos.webots.polycreate.controler\webotsLibs;C:\Users\lenovo\Documents\GitHub\polytechWebotsController-main-fu\fr.univcotedazur.kairos.webots.polycreate.controler\webotsLibs -Dfile.encoding=UTF-8 -XX:+ShowCodeDetailsInExceptionMessages 
java_command: fr.univcotedazur.kairos.webots.polycreate.controler.PolyCreateControler
java_class_path (initial): C:\Users\lenovo\Documents\GitHub\polytechWebotsController-main-fu\fr.univcotedazur.kairos.webots.polycreate.controler\bin;C:\Users\lenovo\Documents\GitHub\polytechWebotsController-main-fu\fr.univcotedazur.kairos.webots.polycreate.controler\webotsLibs\Controller.jar
Launcher Type: SUN_STANDARD

[Global flags]
     intx CICompilerCount                          = 4                                         {product} {ergonomic}
     uint ConcGCThreads                            = 3                                         {product} {ergonomic}
     uint G1ConcRefinementThreads                  = 10                                        {product} {ergonomic}
   size_t G1HeapRegionSize                         = 2097152                                   {product} {ergonomic}
    uintx GCDrainStackTargetSize                   = 64                                        {product} {ergonomic}
   size_t InitialHeapSize                          = 266338304                                 {product} {ergonomic}
   size_t MarkStackSize                            = 4194304                                   {product} {ergonomic}
   size_t MaxHeapSize                              = 4250927104                                {product} {ergonomic}
   size_t MaxNewSize                               = 2550136832                                {product} {ergonomic}
   size_t MinHeapDeltaBytes                        = 2097152                                   {product} {ergonomic}
   size_t MinHeapSize                              = 8388608                                   {product} {ergonomic}
    uintx NonNMethodCodeHeapSize                   = 5839372                                {pd product} {ergonomic}
    uintx NonProfiledCodeHeapSize                  = 122909434                              {pd product} {ergonomic}
    uintx ProfiledCodeHeapSize                     = 122909434                              {pd product} {ergonomic}
    uintx ReservedCodeCacheSize                    = 251658240                              {pd product} {ergonomic}
     bool SegmentedCodeCache                       = true                                      {product} {ergonomic}
     bool ShowCodeDetailsInExceptionMessages       = true                                   {manageable} {command line}
   size_t SoftMaxHeapSize                          = 4250927104                             {manageable} {ergonomic}
     bool UseCompressedClassPointers               = true                           {product lp64_product} {ergonomic}
     bool UseCompressedOops                        = true                           {product lp64_product} {ergonomic}
     bool UseG1GC                                  = true                                      {product} {ergonomic}
     bool UseLargePagesIndividualAllocation        = false                                  {pd product} {ergonomic}

Logging:
Log output configuration:
 #0: stdout all=warning uptime,level,tags
 #1: stderr all=off uptime,level,tags

Environment Variables:
PATH=D:/download/yakindu-sctpro//plugins/org.eclipse.justj.openjdk.hotspot.jre.full.stripped.win32.x86_64_14.0.2.v20200815-0932/jre/bin/server;D:/download/yakindu-sctpro//plugins/org.eclipse.justj.openjdk.hotspot.jre.full.stripped.win32.x86_64_14.0.2.v20200815-0932/jre/bin;C:\Program Files\Common Files\Oracle\Java\javapath;C:\Windows\system32;C:\Windows;C:\Windows\System32\Wbem;C:\Windows\System32\WindowsPowerShell\v1.0\;C:\Windows\System32\OpenSSH\;C:\Program Files (x86)\NVIDIA Corporation\PhysX\Common;C:\Program Files\NVIDIA Corporation\NVIDIA NvDLISR;C:\WINDOWS\system32;C:\WINDOWS;C:\WINDOWS\System32\Wbem;C:\WINDOWS\System32\WindowsPowerShell\v1.0\;C:\WINDOWS\System32\OpenSSH\;D:\Program Files\Webots\lib\controller;D:\Program Files\Webots\msys64\mingw64\bin;D:\Program Files\Webots\msys64\mingw64\bin\cpp;D:\Program Files\nodejs\;C:\Program Files\Git\cmd;C:\Users\lenovo\AppData\Local\Microsoft\WindowsApps;C:\Users\lenovo\AppData\Local\GitHubDesktop\bin;C:\Users\lenovo\AppData\Roaming\npm;D:\Program Files\MySQL\MySQL Server 8.0\bin;;D:\download\yakindu-sctpro;
USERNAME=lenovo
OS=Windows_NT
PROCESSOR_IDENTIFIER=Intel64 Family 6 Model 166 Stepping 0, GenuineIntel



---------------  S Y S T E M  ---------------

OS:
 Windows 10 , 64 bit Build 19041 (10.0.19041.1348)
OS uptime: 3 days 5:02 hours
Hyper-V role detected

CPU: total 12 (initial active 12) (6 cores per cpu, 2 threads per core) family 6 model 166 stepping 0 microcode 0xb4, cx8, cmov, fxsr, ht, mmx, 3dnowpref, sse, sse2, sse3, ssse3, sse4.1, sse4.2, popcnt, lzcnt, tsc, tscinvbit, avx, avx2, aes, erms, clmul, bmi1, bmi2, adx, fma, vzeroupper, clflush, clflushopt, hv

Memory: 4k page, system-wide physical 16214M (6918M free)
TotalPageFile size 20988M (AvailPageFile size 4234M)
current process WorkingSet (physical memory assigned to process): 64M, peak: 65M
current process commit charge ("private bytes"): 356M, peak: 356M

vm_info: Java HotSpot(TM) 64-Bit Server VM (16.0.2+7-67) for windows-amd64 JRE (16.0.2+7-67), built on Jun  8 2021 23:24:19 by "mach5one" with MS VC++ 16.7 (VS2019)

END.
